2026-04-07 12:11:10 [email_check] skipped (4.0m since last, threshold=15m)
.Trim()
2026-04-07 12:15:01 [email_check] skipped (7.9m since last, threshold=15m)
.Trim()
2026-04-07 12:20:01 [email_check] skipped (12.9m since last, threshold=15m)
.Trim()
2026-04-07 12:25:02 [email_check] no new messages (total=42)
.Trim()
2026-04-07 12:30:01 [email_check] skipped (5.0m since last, threshold=15m)
.Trim()
2026-04-07 12:35:01 [email_check] skipped (10.0m since last, threshold=15m)
.Trim()
2026-04-07 12:40:01 [email_check] skipped (15.0m since last, threshold=15m)
.Trim()
2026-04-07 12:45:02 [email_check] no new messages (total=42)
.Trim()
2026-04-07 12:50:01 [email_check] skipped (5.0m since last, threshold=15m)
.Trim()
2026-04-07 12:55:01 [email_check] skipped (10.0m since last, threshold=15m)
.Trim()
2026-04-07 13:00:01 [email_check] skipped (15.0m since last, threshold=15m)
.Trim()
2026-04-07 13:05:02 [email_check] no new messages (total=42)
.Trim()
2026-04-07 13:10:02 [email_check] skipped (5.0m since last, threshold=15m)
.Trim()
2026-04-07 13:15:02 [email_check] skipped (10.0m since last, threshold=15m)
.Trim()
2026-04-07 13:20:02 [email_check] skipped (15.0m since last, threshold=15m)
.Trim()
2026-04-07 13:25:02 [email_check] skipped (2.8m since last, threshold=15m)
.Trim()
2026-04-07 13:30:02 [email_check] skipped (7.8m since last, threshold=15m)
.Trim()
2026-04-07 13:35:02 [email_check] skipped (12.8m since last, threshold=15m)
.Trim()
2026-04-07 13:40:03 [email_check] no new messages (total=42)
.Trim()
2026-04-07 13:45:02 [email_check] skipped (5.0m since last, threshold=15m)
.Trim()
2026-04-07 13:50:02 [email_check] skipped (10.0m since last, threshold=15m)
.Trim()
2026-04-07 13:55:02 [email_check] skipped (15.0m since last, threshold=15m)
.Trim()
2026-04-07 14:00:02 [email_check] no new messages (total=42)
.Trim()
2026-04-07 14:05:02 [email_check] skipped (5.0m since last, threshold=15m)
.Trim()
2026-04-07 14:10:02 [email_check] skipped (10.0m since last, threshold=15m)
.Trim()
2026-04-07 14:15:02 [email_check] skipped (15.0m since last, threshold=15m)
.Trim()
2026-04-07 14:20:03 [email_check] no new messages (total=42)
.Trim()
2026-04-07 14:25:02 [email_check] skipped (5.0m since last, threshold=15m)
.Trim()
2026-04-07 14:30:02 [email_check] skipped (10.0m since last, threshold=15m)
.Trim()
2026-04-07 14:35:02 [email_check] skipped (15.0m since last, threshold=15m)
.Trim()
2026-04-07 14:40:02 [email_check] skipped (2.8m since last, threshold=15m)
.Trim()
2026-04-07 14:45:02 [email_check] skipped (7.8m since last, threshold=15m)
.Trim()
2026-04-07 14:50:02 [email_check] skipped (12.8m since last, threshold=15m)
.Trim()
2026-04-07 14:55:02 [email_check] no new messages (total=42)
.Trim()
2026-04-07 15:00:02 [email_check] skipped (5.0m since last, threshold=15m)
.Trim()
2026-04-07 15:05:02 [email_check] skipped (10.0m since last, threshold=15m)
.Trim()
2026-04-07 15:10:02 [email_check] skipped (15.0m since last, threshold=15m)
.Trim()
2026-04-07 15:15:03 [email_check] no new messages (total=42)
.Trim()
2026-04-07 15:20:02 [email_check] skipped (5.0m since last, threshold=15m)
.Trim()
2026-04-07 15:25:02 [email_check] skipped (10.0m since last, threshold=15m)
.Trim()
2026-04-07 15:30:02 [email_check] skipped (15.0m since last, threshold=15m)
.Trim()
2026-04-07 15:35:02 [email_check] no new messages (total=42)
.Trim()
2026-04-07 15:40:02 [email_check] skipped (5.0m since last, threshold=15m)
.Trim()
2026-04-07 15:45:02 [email_check] skipped (10.0m since last, threshold=15m)
.Trim()
2026-04-07 15:50:02 [email_check] skipped (15.0m since last, threshold=15m)
.Trim()
2026-04-07 15:55:02 [email_check] skipped (2.9m since last, threshold=15m)
.Trim()
2026-04-07 16:00:02 [email_check] skipped (7.9m since last, threshold=15m)
.Trim()
2026-04-07 16:05:02 [email_check] skipped (12.9m since last, threshold=15m)
.Trim()
2026-04-07 16:10:02 [email_check] skipped (2.8m since last, threshold=15m)
.Trim()
2026-04-07 16:15:02 [email_check] skipped (7.8m since last, threshold=15m)
.Trim()
2026-04-07 16:20:02 [email_check] skipped (12.8m since last, threshold=15m)
.Trim()
2026-04-07 16:25:03 [email_check] no new messages (total=42)
.Trim()
2026-04-07 16:30:02 [email_check] skipped (5.0m since last, threshold=15m)
.Trim()
2026-04-07 16:35:02 [email_check] skipped (10.0m since last, threshold=15m)
.Trim()
2026-04-07 16:40:02 [email_check] skipped (15.0m since last, threshold=15m)
.Trim()
2026-04-07 16:45:03 [email_check] no new messages (total=42)
.Trim()
2026-04-07 16:50:02 [email_check] skipped (5.0m since last, threshold=15m)
.Trim()
2026-04-07 16:55:02 [email_check] skipped (10.0m since last, threshold=15m)
.Trim()
2026-04-07 17:00:02 [email_check] skipped (15.0m since last, threshold=15m)
.Trim()
2026-04-07 17:05:03 [email_check] no new messages (total=42)
.Trim()
2026-04-07 17:10:02 [email_check] skipped (5.0m since last, threshold=15m)
.Trim()
2026-04-07 17:15:02 [email_check] skipped (10.0m since last, threshold=15m)
.Trim()
2026-04-07 17:20:02 [email_check] skipped (15.0m since last, threshold=15m)
.Trim()
2026-04-07 17:25:02 [email_check] skipped (2.8m since last, threshold=15m)
.Trim()
2026-04-07 17:30:02 [email_check] skipped (7.8m since last, threshold=15m)
.Trim()
2026-04-07 17:35:02 [email_check] skipped (12.8m since last, threshold=15m)
.Trim()
2026-04-07 17:40:06 [email_check] new=1; sovereign=0: From: "Instagram" <follow-suggestions@mail.instagram.com> | paybackh1, see val76firebird, veilahoney and more in your feed
.Trim()
2026-04-07 17:45:02 [email_check] skipped (5.0m since last, threshold=15m)
.Trim()
2026-04-07 17:50:02 [email_check] skipped (10.0m since last, threshold=15m)
.Trim()
2026-04-07 17:55:02 [email_check] skipped (15.0m since last, threshold=15m)
.Trim()
2026-04-07 18:00:03 [email_check] no new messages (total=43)
.Trim()
2026-04-07 18:05:02 [email_check] skipped (5.0m since last, threshold=15m)
.Trim()
2026-04-07 18:10:02 [email_check] skipped (10.0m since last, threshold=15m)
.Trim()
2026-04-07 18:15:02 [email_check] skipped (15.0m since last, threshold=15m)
.Trim()
2026-04-07 18:20:03 [email_check] no new messages (total=43)
.Trim()
2026-04-07 18:25:01 [email_check] skipped (5.0m since last, threshold=15m)
.Trim()
2026-04-07 18:30:01 [email_check] skipped (10.0m since last, threshold=15m)
.Trim()
2026-04-07 18:35:01 [email_check] skipped (15.0m since last, threshold=15m)
.Trim()
2026-04-07 18:40:01 [email_check] skipped (2.8m since last, threshold=15m)
.Trim()
2026-04-07 18:45:01 [email_check] skipped (7.8m since last, threshold=15m)
.Trim()
2026-04-07 18:50:01 [email_check] skipped (12.8m since last, threshold=15m)
.Trim()
2026-04-07 18:55:02 [email_check] no new messages (total=43)
.Trim()
2026-04-07 19:00:01 [email_check] skipped (5.0m since last, threshold=15m)
.Trim()
2026-04-07 19:05:01 [email_check] skipped (10.0m since last, threshold=15m)
.Trim()
2026-04-07 19:10:01 [email_check] skipped (15.0m since last, threshold=15m)
.Trim()
2026-04-07 19:15:02 [email_check] no new messages (total=43)
.Trim()
2026-04-07 19:20:01 [email_check] skipped (5.0m since last, threshold=15m)
.Trim()
2026-04-07 19:25:01 [email_check] skipped (10.0m since last, threshold=15m)
.Trim()
2026-04-07 19:30:01 [email_check] skipped (15.0m since last, threshold=15m)
.Trim()
2026-04-07 19:35:02 [email_check] no new messages (total=43)
.Trim()
2026-04-07 19:40:02 [email_check] skipped (5.0m since last, threshold=15m)
.Trim()
2026-04-07 19:45:01 [email_check] skipped (10.0m since last, threshold=15m)
.Trim()
2026-04-07 19:50:01 [email_check] skipped (15.0m since last, threshold=15m)
.Trim()
2026-04-07 19:55:01 [email_check] skipped (2.8m since last, threshold=15m)
.Trim()
2026-04-07 20:00:01 [email_check] skipped (7.8m since last, threshold=15m)
.Trim()
2026-04-07 20:05:01 [email_check] skipped (12.8m since last, threshold=15m)
.Trim()
2026-04-07 20:10:02 [email_check] no new messages (total=43)
.Trim()
2026-04-07 20:15:01 [email_check] skipped (5.0m since last, threshold=15m)
.Trim()
2026-04-07 20:20:01 [email_check] skipped (10.0m since last, threshold=15m)
.Trim()
2026-04-07 20:25:01 [email_check] skipped (15.0m since last, threshold=15m)
.Trim()
2026-04-07 20:30:07 [email_check] new=1; sovereign=1: From: Rae Steele <rae.steele76@gmail.com> | Re: [CC] personal ù 2026-04-07 22:52 UTC
.Trim()
2026-04-07 20:35:01 [email_check] skipped (5.0m since last, threshold=15m)
.Trim()
2026-04-07 20:40:01 [email_check] skipped (10.0m since last, threshold=15m)
.Trim()
2026-04-07 20:45:01 [email_check] skipped (15.0m since last, threshold=15m)
.Trim()
2026-04-07 20:50:09 [email_check] new=2; sovereign=2: From: Rae Steele <rae.steele76@gmail.com> | Re: [CC STATUS] 2026-04-07 22:52 UTC; From: Rae Steele <rae.steele76@gmail.com> | Re: [CC STATUS] 2026-04-07 21:22 UTC
.Trim()
2026-04-07 20:55:01 [email_check] skipped (5.0m since last, threshold=15m)
.Trim()
2026-04-07 21:00:02 [email_check] skipped (10.0m since last, threshold=15m)
.Trim()
2026-04-07 21:05:01 [email_check] skipped (15.0m since last, threshold=15m)
.Trim()
2026-04-07 21:10:01 [email_check] skipped (2.8m since last, threshold=15m)
.Trim()
2026-04-07 21:15:01 [email_check] skipped (7.8m since last, threshold=15m)
.Trim()
2026-04-07 21:20:01 [email_check] skipped (12.8m since last, threshold=15m)
.Trim()
2026-04-07 21:25:02 [email_check] no new messages (total=46)
.Trim()
2026-04-07 21:30:01 [email_check] skipped (5.0m since last, threshold=15m)
.Trim()
2026-04-07 21:35:01 [email_check] skipped (10.0m since last, threshold=15m)
.Trim()
2026-04-07 21:40:01 [email_check] skipped (15.0m since last, threshold=15m)
.Trim()
2026-04-07 21:45:06 [email_check] new=1; sovereign=1: From: Rae Steele <rae.steele76@gmail.com> | Personal
.Trim()
2026-04-07 21:50:01 [email_check] skipped (5.0m since last, threshold=15m)
.Trim()
2026-04-07 21:55:01 [email_check] skipped (10.0m since last, threshold=15m)
.Trim()
2026-04-07 22:00:01 [email_check] skipped (15.0m since last, threshold=15m)
.Trim()
2026-04-07 22:05:07 [email_check] new=1; sovereign=1: From: Rae Steele <rae.steele76@gmail.com> | Re: Personal
.Trim()
2026-04-07 22:10:01 [email_check] skipped (5.0m since last, threshold=15m)
.Trim()
2026-04-07 22:15:01 [email_check] skipped (10.0m since last, threshold=15m)
.Trim()
2026-04-07 22:20:01 [email_check] skipped (15.0m since last, threshold=15m)
.Trim()
2026-04-07 22:25:01 [email_check] skipped (2.9m since last, threshold=15m)
.Trim()
2026-04-07 22:30:01 [email_check] skipped (7.9m since last, threshold=15m)
.Trim()
2026-04-07 22:35:01 [email_check] skipped (12.9m since last, threshold=15m)
.Trim()
2026-04-07 22:40:05 [email_check] no new messages (total=48)
.Trim()
2026-04-07 22:45:01 [email_check] skipped (5.0m since last, threshold=15m)
.Trim()
2026-04-07 22:50:01 [email_check] skipped (10.0m since last, threshold=15m)
.Trim()
2026-04-07 22:55:01 [email_check] skipped (15.0m since last, threshold=15m)
.Trim()
2026-04-07 23:00:02 [email_check] no new messages (total=48)
.Trim()
2026-04-07 23:05:01 [email_check] skipped (5.0m since last, threshold=15m)
.Trim()
2026-04-07 23:10:01 [email_check] skipped (10.0m since last, threshold=15m)
.Trim()
2026-04-07 23:15:01 [email_check] skipped (15.0m since last, threshold=15m)
.Trim()
2026-04-07 23:20:02 [email_check] no new messages (total=48)
.Trim()
2026-04-07 23:25:01 [email_check] skipped (5.0m since last, threshold=15m)
.Trim()
2026-04-07 23:30:02 [email_check] skipped (10.0m since last, threshold=15m)
.Trim()
2026-04-07 23:35:01 [email_check] skipped (15.0m since last, threshold=15m)
.Trim()
2026-04-07 23:40:01 [email_check] skipped (2.9m since last, threshold=15m)
.Trim()
2026-04-07 23:45:01 [email_check] skipped (7.9m since last, threshold=15m)
.Trim()
2026-04-07 23:50:01 [email_check] skipped (12.9m since last, threshold=15m)
.Trim()
2026-04-07 23:55:02 [email_check] no new messages (total=48)
.Trim()
2026-04-08 00:00:02 [email_check] skipped (5.0m since last, threshold=15m)
.Trim()
2026-04-08 00:05:02 [email_check] skipped (10.0m since last, threshold=15m)
.Trim()
2026-04-08 00:10:02 [email_check] skipped (15.0m since last, threshold=15m)
.Trim()
2026-04-08 00:15:02 [email_check] no new messages (total=48)
.Trim()
2026-04-08 00:20:02 [email_check] skipped (5.0m since last, threshold=15m)
.Trim()
2026-04-08 00:25:01 [email_check] skipped (10.0m since last, threshold=15m)
.Trim()
2026-04-08 00:30:02 [email_check] skipped (15.0m since last, threshold=15m)
.Trim()
2026-04-08 00:35:02 [email_check] no new messages (total=48)
.Trim()
2026-04-08 00:40:02 [email_check] skipped (5.0m since last, threshold=15m)
.Trim()
2026-04-08 00:45:02 [email_check] skipped (10.0m since last, threshold=15m)
.Trim()
2026-04-08 00:50:02 [email_check] skipped (15.0m since last, threshold=15m)
.Trim()
2026-04-08 00:55:02 [email_check] skipped (2.8m since last, threshold=15m)
.Trim()
2026-04-08 01:00:02 [email_check] skipped (7.8m since last, threshold=15m)
.Trim()
2026-04-08 01:05:02 [email_check] skipped (12.8m since last, threshold=15m)
.Trim()
2026-04-08 01:10:02 [email_check] no new messages (total=48)
.Trim()
2026-04-08 01:15:02 [email_check] skipped (5.0m since last, threshold=15m)
.Trim()
2026-04-08 01:20:02 [email_check] skipped (10.0m since last, threshold=15m)
.Trim()
2026-04-08 01:25:02 [email_check] skipped (15.0m since last, threshold=15m)
.Trim()
2026-04-08 01:30:02 [email_check] no new messages (total=48)
.Trim()
2026-04-08 01:35:02 [email_check] skipped (5.0m since last, threshold=15m)
.Trim()
2026-04-08 01:40:02 [email_check] skipped (10.0m since last, threshold=15m)
.Trim()
2026-04-08 01:45:02 [email_check] skipped (15.0m since last, threshold=15m)
.Trim()
2026-04-08 01:50:02 [email_check] no new messages (total=48)
.Trim()
2026-04-08 01:55:02 [email_check] skipped (5.0m since last, threshold=15m)
.Trim()
2026-04-08 02:00:02 [email_check] skipped (10.0m since last, threshold=15m)
.Trim()
2026-04-08 02:05:02 [email_check] skipped (15.0m since last, threshold=15m)
.Trim()
2026-04-08 02:10:02 [email_check] skipped (2.9m since last, threshold=15m)
.Trim()
2026-04-08 02:15:02 [email_check] skipped (7.9m since last, threshold=15m)
.Trim()
2026-04-08 02:20:02 [email_check] skipped (12.9m since last, threshold=15m)
.Trim()
2026-04-08 02:25:02 [email_check] skipped (2.8m since last, threshold=15m)
.Trim()
2026-04-08 02:30:02 [email_check] skipped (7.8m since last, threshold=15m)
.Trim()
2026-04-08 02:35:02 [email_check] skipped (12.8m since last, threshold=15m)
.Trim()
2026-04-08 02:40:02 [email_check] no new messages (total=48)
.Trim()
2026-04-08 02:45:02 [email_check] skipped (5.0m since last, threshold=15m)
.Trim()
2026-04-08 02:50:02 [email_check] skipped (10.0m since last, threshold=15m)
.Trim()
2026-04-08 02:55:02 [email_check] skipped (15.0m since last, threshold=15m)
.Trim()
2026-04-08 03:00:03 [email_check] no new messages (total=48)
.Trim()
2026-04-08 03:05:02 [email_check] skipped (5.0m since last, threshold=15m)
.Trim()
2026-04-08 03:10:02 [email_check] skipped (10.0m since last, threshold=15m)
.Trim()
2026-04-08 03:15:02 [email_check] skipped (15.0m since last, threshold=15m)
.Trim()
2026-04-08 03:20:03 [email_check] no new messages (total=48)
.Trim()
2026-04-08 03:25:02 [email_check] skipped (5.0m since last, threshold=15m)
.Trim()
2026-04-08 03:30:02 [email_check] skipped (10.0m since last, threshold=15m)
.Trim()
2026-04-08 03:35:02 [email_check] skipped (15.0m since last, threshold=15m)
.Trim()
2026-04-08 03:40:02 [email_check] skipped (2.8m since last, threshold=15m)
.Trim()
2026-04-08 03:45:02 [email_check] skipped (7.8m since last, threshold=15m)
.Trim()
2026-04-08 03:50:02 [email_check] skipped (12.8m since last, threshold=15m)
.Trim()
2026-04-08 03:55:02 [email_check] no new messages (total=48)
.Trim()
2026-04-08 04:00:02 [email_check] skipped (5.0m since last, threshold=15m)
.Trim()
2026-04-08 04:05:02 [email_check] skipped (10.0m since last, threshold=15m)
.Trim()
2026-04-08 04:10:02 [email_check] skipped (15.0m since last, threshold=15m)
.Trim()
2026-04-08 04:15:03 [email_check] no new messages (total=48)
.Trim()
2026-04-08 04:20:02 [email_check] skipped (5.0m since last, threshold=15m)
.Trim()
2026-04-08 04:25:02 [email_check] skipped (10.0m since last, threshold=15m)
.Trim()
2026-04-08 04:30:02 [email_check] skipped (15.0m since last, threshold=15m)
.Trim()
2026-04-08 04:35:03 [email_check] no new messages (total=48)
.Trim()
2026-04-08 04:40:02 [email_check] skipped (5.0m since last, threshold=15m)
.Trim()
2026-04-08 04:45:02 [email_check] skipped (10.0m since last, threshold=15m)
.Trim()
2026-04-08 04:50:02 [email_check] skipped (15.0m since last, threshold=15m)
.Trim()
2026-04-08 04:55:02 [email_check] skipped (2.9m since last, threshold=15m)
.Trim()
2026-04-08 05:00:02 [email_check] skipped (7.9m since last, threshold=15m)
.Trim()
2026-04-08 05:05:02 [email_check] skipped (12.9m since last, threshold=15m)
.Trim()
2026-04-08 05:10:03 [email_check] no new messages (total=48)
.Trim()
2026-04-08 05:15:02 [email_check] skipped (5.0m since last, threshold=15m)
.Trim()
2026-04-08 05:20:02 [email_check] skipped (10.0m since last, threshold=15m)
.Trim()
2026-04-08 05:25:02 [email_check] skipped (15.0m since last, threshold=15m)
.Trim()
2026-04-08 05:30:03 [email_check] no new messages (total=48)
.Trim()
2026-04-08 05:35:02 [email_check] skipped (5.0m since last, threshold=15m)
.Trim()
2026-04-08 05:40:02 [email_check] skipped (10.0m since last, threshold=15m)
.Trim()
2026-04-08 05:45:02 [email_check] skipped (15.0m since last, threshold=15m)
.Trim()
2026-04-08 05:50:02 [email_check] no new messages (total=48)
.Trim()
2026-04-08 05:55:01 [email_check] skipped (5.0m since last, threshold=15m)
.Trim()
2026-04-08 06:00:01 [email_check] skipped (10.0m since last, threshold=15m)
.Trim()
2026-04-08 06:05:01 [email_check] skipped (15.0m since last, threshold=15m)
.Trim()
2026-04-08 06:10:01 [email_check] skipped (2.8m since last, threshold=15m)
.Trim()
2026-04-08 06:15:01 [email_check] skipped (7.8m since last, threshold=15m)
.Trim()
2026-04-08 06:20:01 [email_check] skipped (12.8m since last, threshold=15m)
.Trim()
2026-04-08 06:25:02 [email_check] no new messages (total=48)
.Trim()
2026-04-08 06:30:01 [email_check] skipped (5.0m since last, threshold=15m)
.Trim()
2026-04-08 06:35:01 [email_check] skipped (10.0m since last, threshold=15m)
.Trim()
2026-04-08 06:40:01 [email_check] skipped (15.0m since last, threshold=15m)
.Trim()
2026-04-08 06:45:02 [email_check] no new messages (total=48)
.Trim()
2026-04-08 06:50:01 [email_check] skipped (5.0m since last, threshold=15m)
.Trim()
2026-04-08 06:55:01 [email_check] skipped (10.0m since last, threshold=15m)
.Trim()
2026-04-08 07:00:01 [email_check] skipped (15.0m since last, threshold=15m)
.Trim()
2026-04-08 07:05:02 [email_check] no new messages (total=48)
.Trim()
2026-04-08 07:10:01 [email_check] skipped (5.0m since last, threshold=15m)
.Trim()
2026-04-08 07:15:01 [email_check] skipped (10.0m since last, threshold=15m)
.Trim()
2026-04-08 07:20:01 [email_check] skipped (15.0m since last, threshold=15m)
.Trim()
2026-04-08 07:25:01 [email_check] skipped (2.8m since last, threshold=15m)
.Trim()
2026-04-08 07:30:02 [email_check] skipped (7.8m since last, threshold=15m)
.Trim()
2026-04-08 07:35:01 [email_check] skipped (12.8m since last, threshold=15m)
.Trim()
2026-04-08 07:40:02 [email_check] no new messages (total=48)
.Trim()
2026-04-08 07:45:01 [email_check] skipped (5.0m since last, threshold=15m)
.Trim()
2026-04-08 07:50:01 [email_check] skipped (10.0m since last, threshold=15m)
.Trim()
2026-04-08 07:55:01 [email_check] skipped (15.0m since last, threshold=15m)
.Trim()
2026-04-08 08:00:02 [email_check] no new messages (total=48)
.Trim()
2026-04-08 08:05:02 [email_check] skipped (5.0m since last, threshold=15m)
.Trim()
2026-04-08 08:10:01 [email_check] skipped (10.0m since last, threshold=15m)
.Trim()
2026-04-08 08:15:01 [email_check] skipped (15.0m since last, threshold=15m)
.Trim()
2026-04-08 08:20:02 [email_check] no new messages (total=48)
.Trim()
2026-04-08 08:25:01 [email_check] skipped (5.0m since last, threshold=15m)
.Trim()
2026-04-08 08:30:02 [email_check] skipped (10.0m since last, threshold=15m)
.Trim()
2026-04-08 08:35:02 [email_check] skipped (15.0m since last, threshold=15m)
.Trim()
2026-04-08 08:40:01 [email_check] skipped (2.8m since last, threshold=15m)
.Trim()
2026-04-08 08:45:02 [email_check] skipped (7.8m since last, threshold=15m)
.Trim()
2026-04-08 08:50:01 [email_check] skipped (12.8m since last, threshold=15m)
.Trim()
2026-04-08 08:55:03 [email_check] no new messages (total=48)
.Trim()
2026-04-08 09:00:02 [email_check] skipped (5.0m since last, threshold=15m)
.Trim()
2026-04-08 09:05:02 [email_check] skipped (10.0m since last, threshold=15m)
.Trim()
2026-04-08 09:10:02 [email_check] skipped (15.0m since last, threshold=15m)
.Trim()
2026-04-08 09:15:03 [email_check] no new messages (total=48)
.Trim()
2026-04-08 09:20:02 [email_check] skipped (5.0m since last, threshold=15m)
.Trim()
2026-04-08 09:25:02 [email_check] skipped (10.0m since last, threshold=15m)
.Trim()
2026-04-08 09:30:02 [email_check] skipped (15.0m since last, threshold=15m)
.Trim()
2026-04-08 09:35:02 [email_check] no new messages (total=48)
.Trim()
2026-04-08 09:40:02 [email_check] skipped (5.0m since last, threshold=15m)
.Trim()
2026-04-08 09:45:02 [email_check] skipped (10.0m since last, threshold=15m)
.Trim()
2026-04-08 09:50:02 [email_check] skipped (15.0m since last, threshold=15m)
.Trim()
2026-04-08 09:55:02 [email_check] skipped (2.8m since last, threshold=15m)
.Trim()
2026-04-08 10:00:02 [email_check] skipped (7.8m since last, threshold=15m)
.Trim()
2026-04-08 10:05:02 [email_check] skipped (12.8m since last, threshold=15m)
.Trim()
2026-04-08 10:10:02 [email_check] no new messages (total=48)
.Trim()
2026-04-08 10:15:02 [email_check] skipped (5.0m since last, threshold=15m)
.Trim()
2026-04-08 10:20:02 [email_check] skipped (10.0m since last, threshold=15m)
.Trim()
2026-04-08 10:25:02 [email_check] skipped (15.0m since last, threshold=15m)
.Trim()
2026-04-08 10:30:06 [email_check] no new messages (total=48)
.Trim()
2026-04-08 10:35:02 [email_check] skipped (4.9m since last, threshold=15m)
.Trim()
2026-04-08 10:40:02 [email_check] skipped (9.9m since last, threshold=15m)
.Trim()
2026-04-08 10:45:02 [email_check] skipped (14.9m since last, threshold=15m)
.Trim()
2026-04-21 20:40:01 [email_check] skipped (5.0m since last, threshold=15m)
.Trim()
2026-04-21 20:45:01 [email_check] skipped (10.0m since last, threshold=15m)
.Trim()
2026-04-21 20:50:01 [email_check] skipped (15.0m since last, threshold=15m)
.Trim()
2026-04-21 20:55:02 [email_check] skipped (2.9m since last, threshold=15m)
.Trim()
2026-04-21 21:00:01 [email_check] skipped (7.9m since last, threshold=15m)
.Trim()
2026-04-21 21:05:02 [email_check] skipped (12.9m since last, threshold=15m)
.Trim()
2026-04-21 21:10:02 [email_check] no new messages (total=81)
.Trim()
2026-04-21 21:15:01 [email_check] skipped (5.0m since last, threshold=15m)
.Trim()
