Fetching K2 cortex state...
K2 has 350 blocks
P1 has 300 known labels
Missing from P1: 37 blocks
Synced 37/37 blocks to P1
Fetching K2 cortex state...
K2 has 381 blocks
P1 has 326 known labels
Missing from P1: 41 blocks
Synced 41/41 blocks to P1
Fetching K2 cortex state...
K2 has 408 blocks
P1 has 352 known labels
Missing from P1: 40 blocks
Synced 40/40 blocks to P1
Fetching K2 cortex state...
K2 has 441 blocks
P1 has 378 known labels
Missing from P1: 48 blocks
Synced 48/48 blocks to P1
Fetching K2 cortex state...
K2 has 473 blocks
P1 has 401 known labels
Missing from P1: 47 blocks
Synced 47/47 blocks to P1
Fetching K2 cortex state...
K2 has 128 blocks
P1 has 431 known labels
Missing from P1: 62 blocks
Synced 62/62 blocks to P1
Fetching K2 cortex state...
K2 has 118 blocks
P1 has 460 known labels
Missing from P1: 54 blocks
Synced 54/54 blocks to P1
Fetching K2 cortex state...
K2 has 131 blocks
P1 has 490 known labels
Missing from P1: 50 blocks
Synced 50/50 blocks to P1
Fetching K2 cortex state...
K2 has 142 blocks
P1 has 520 known labels
Missing from P1: 49 blocks
Synced 49/49 blocks to P1
Fetching K2 cortex state...
K2 has 149 blocks
P1 has 548 known labels
Missing from P1: 40 blocks
Synced 40/40 blocks to P1
Fetching K2 cortex state...
K2 has 162 blocks
P1 has 575 known labels
Missing from P1: 48 blocks
Synced 48/48 blocks to P1
Fetching K2 cortex state...
K2 has 130 blocks
P1 has 572 known labels
Missing from P1: 64 blocks
Synced 64/64 blocks to P1
Fetching K2 cortex state...
K2 has 106 blocks
P1 has 541 known labels
Missing from P1: 78 blocks
Synced 78/78 blocks to P1
Fetching K2 cortex state...
K2 has 124 blocks
P1 has 495 known labels
Missing from P1: 60 blocks
Synced 60/60 blocks to P1
Fetching K2 cortex state...
K2 has 139 blocks
P1 has 500 known labels
Missing from P1: 47 blocks
Synced 47/47 blocks to P1
Fetching K2 cortex state...
K2 has 151 blocks
P1 has 498 known labels
Missing from P1: 45 blocks
Synced 45/45 blocks to P1
Fetching K2 cortex state...
K2 has 163 blocks
P1 has 514 known labels
Missing from P1: 37 blocks
Synced 37/37 blocks to P1
Fetching K2 cortex state...
K2 has 163 blocks
P1 has 530 known labels
Missing from P1: 41 blocks
Synced 41/41 blocks to P1
Fetching K2 cortex state...
ERROR: P1 cortex unreachable
K2 has 121 blocks
Fetching K2 cortex state...
ERROR: P1 cortex unreachable
K2 has 112 blocks
Fetching K2 cortex state...
K2 has 127 blocks
ERROR: P1 cortex unreachable
Fetching K2 cortex state...
ERROR: P1 cortex unreachable
K2 has 127 blocks
Fetching K2 cortex state...
ERROR: P1 cortex unreachable
K2 has 128 blocks
Fetching K2 cortex state...
ERROR: P1 cortex unreachable
K2 has 99 blocks
Fetching K2 cortex state...
ERROR: P1 cortex unreachable
K2 has 95 blocks
Fetching K2 cortex state...
K2 has 107 blocks
ERROR: P1 cortex unreachable
ERROR: P1 cortex unreachable
Fetching K2 cortex state...
K2 has 122 blocks
Fetching K2 cortex state...
K2 has 128 blocks
ERROR: P1 cortex unreachable
ERROR: P1 cortex unreachable
Fetching K2 cortex state...
K2 has 133 blocks
Fetching K2 cortex state...
ERROR: P1 cortex unreachable
K2 has 128 blocks
Fetching K2 cortex state...
K2 has 116 blocks
ERROR: P1 cortex unreachable
Fetching K2 cortex state...
ERROR: P1 cortex unreachable
K2 has 112 blocks
Fetching K2 cortex state...
ERROR: P1 cortex unreachable
K2 has 132 blocks
Fetching K2 cortex state...
K2 has 133 blocks
ERROR: P1 cortex unreachable
Fetching K2 cortex state...
ERROR: P1 cortex unreachable
K2 has 127 blocks
Fetching K2 cortex state...
ERROR: P1 cortex unreachable
K2 has 127 blocks
Fetching K2 cortex state...
ERROR: P1 cortex unreachable
K2 has 132 blocks
ERROR: P1 cortex unreachable
Fetching K2 cortex state...
K2 has 129 blocks
ERROR: P1 cortex unreachable
Fetching K2 cortex state...
K2 has 133 blocks
Fetching K2 cortex state...
ERROR: P1 cortex unreachable
K2 has 132 blocks
Fetching K2 cortex state...
ERROR: P1 cortex unreachable
K2 has 131 blocks
Fetching K2 cortex state...
ERROR: P1 cortex unreachable
K2 has 132 blocks
Fetching K2 cortex state...
K2 has 134 blocks
ERROR: P1 cortex unreachable
Fetching K2 cortex state...
K2 has 130 blocks
ERROR: P1 cortex unreachable
ERROR: P1 cortex unreachable
Fetching K2 cortex state...
K2 has 133 blocks
Fetching K2 cortex state...
K2 has 133 blocks
ERROR: P1 cortex unreachable
Fetching K2 cortex state...
K2 has 133 blocks
ERROR: P1 cortex unreachable
ERROR: P1 cortex unreachable
Fetching K2 cortex state...
K2 has 133 blocks
Fetching K2 cortex state...
ERROR: P1 cortex unreachable
K2 has 130 blocks
Fetching K2 cortex state...
ERROR: P1 cortex unreachable
K2 has 130 blocks
Fetching K2 cortex state...
ERROR: P1 cortex unreachable
K2 has 129 blocks
ERROR: P1 cortex unreachable
Fetching K2 cortex state...
K2 has 129 blocks
Fetching K2 cortex state...
ERROR: P1 cortex unreachable
K2 has 133 blocks
Fetching K2 cortex state...
ERROR: P1 cortex unreachable
K2 has 131 blocks
Fetching K2 cortex state...
ERROR: P1 cortex unreachable
K2 has 132 blocks
Fetching K2 cortex state...
ERROR: P1 cortex unreachable
K2 has 132 blocks
Fetching K2 cortex state...
ERROR: P1 cortex unreachable
K2 has 132 blocks
Fetching K2 cortex state...
ERROR: P1 cortex unreachable
K2 has 131 blocks
Fetching K2 cortex state...
ERROR: P1 cortex unreachable
K2 has 126 blocks
Fetching K2 cortex state...
ERROR: P1 cortex unreachable
K2 has 129 blocks
ERROR: P1 cortex unreachable
Fetching K2 cortex state...
K2 has 132 blocks
Fetching K2 cortex state...
ERROR: P1 cortex unreachable
K2 has 128 blocks
Fetching K2 cortex state...
ERROR: P1 cortex unreachable
K2 has 133 blocks
Fetching K2 cortex state...
K2 has 125 blocks
ERROR: P1 cortex unreachable
Fetching K2 cortex state...
K2 has 127 blocks
ERROR: P1 cortex unreachable
Fetching K2 cortex state...
K2 has 161 blocks
ERROR: P1 cortex unreachable
Fetching K2 cortex state...
ERROR: P1 cortex unreachable
K2 has 128 blocks
Fetching K2 cortex state...
ERROR: P1 cortex unreachable
K2 has 122 blocks
ERROR: P1 cortex unreachable
Fetching K2 cortex state...
K2 has 126 blocks
Fetching K2 cortex state...
ERROR: P1 cortex unreachable
K2 has 99 blocks
Fetching K2 cortex state...
K2 has 122 blocks
ERROR: P1 cortex unreachable
Fetching K2 cortex state...
K2 has 133 blocks
ERROR: P1 cortex unreachable
Fetching K2 cortex state...
ERROR: P1 cortex unreachable
K2 has 130 blocks
Fetching K2 cortex state...
ERROR: P1 cortex unreachable
K2 has 127 blocks
ERROR: P1 cortex unreachable
Fetching K2 cortex state...
K2 has 129 blocks
Fetching K2 cortex state...
K2 has 126 blocks
ERROR: P1 cortex unreachable
ERROR: P1 cortex unreachable
Fetching K2 cortex state...
K2 has 131 blocks
Fetching K2 cortex state...
ERROR: P1 cortex unreachable
K2 has 131 blocks
ERROR: P1 cortex unreachable
Fetching K2 cortex state...
K2 has 131 blocks
Fetching K2 cortex state...
ERROR: P1 cortex unreachable
K2 has 128 blocks
Fetching K2 cortex state...
ERROR: P1 cortex unreachable
K2 has 134 blocks
Fetching K2 cortex state...
ERROR: P1 cortex unreachable
K2 has 134 blocks
Fetching K2 cortex state...
ERROR: P1 cortex unreachable
K2 has 129 blocks
Fetching K2 cortex state...
K2 has 129 blocks
ERROR: P1 cortex unreachable
Fetching K2 cortex state...
ERROR: P1 cortex unreachable
K2 has 131 blocks
Fetching K2 cortex state...
ERROR: P1 cortex unreachable
K2 has 130 blocks
Fetching K2 cortex state...
ERROR: P1 cortex unreachable
K2 has 133 blocks
Fetching K2 cortex state...
K2 has 132 blocks
ERROR: P1 cortex unreachable
Fetching K2 cortex state...
ERROR: P1 cortex unreachable
K2 has 130 blocks
Fetching K2 cortex state...
ERROR: P1 cortex unreachable
K2 has 133 blocks
Fetching K2 cortex state...
ERROR: P1 cortex unreachable
K2 has 127 blocks
Fetching K2 cortex state...
K2 has 125 blocks
ERROR: P1 cortex unreachable
Fetching K2 cortex state...
ERROR: P1 cortex unreachable
K2 has 132 blocks
Fetching K2 cortex state...
K2 has 130 blocks
ERROR: P1 cortex unreachable
Fetching K2 cortex state...
K2 has 132 blocks
ERROR: P1 cortex unreachable
Fetching K2 cortex state...
K2 has 135 blocks
ERROR: P1 cortex unreachable
Fetching K2 cortex state...
K2 has 131 blocks
ERROR: P1 cortex unreachable
Fetching K2 cortex state...
ERROR: P1 cortex unreachable
K2 has 130 blocks
ERROR: P1 cortex unreachable
Fetching K2 cortex state...
K2 has 128 blocks
Fetching K2 cortex state...
K2 has 128 blocks
ERROR: P1 cortex unreachable
ERROR: P1 cortex unreachable
Fetching K2 cortex state...
K2 has 132 blocks
ERROR: P1 cortex unreachable
Fetching K2 cortex state...
K2 has 132 blocks
Fetching K2 cortex state...
K2 has 123 blocks
ERROR: P1 cortex unreachable
Fetching K2 cortex state...
K2 has 114 blocks
ERROR: P1 cortex unreachable
Fetching K2 cortex state...
ERROR: P1 cortex unreachable
K2 has 98 blocks
ERROR: P1 cortex unreachable
Fetching K2 cortex state...
K2 has 116 blocks
Fetching K2 cortex state...
ERROR: P1 cortex unreachable
K2 has 130 blocks
Fetching K2 cortex state...
K2 has 126 blocks
ERROR: P1 cortex unreachable
Fetching K2 cortex state...
ERROR: P1 cortex unreachable
K2 has 132 blocks
ERROR: P1 cortex unreachable
Fetching K2 cortex state...
K2 has 132 blocks
Fetching K2 cortex state...
ERROR: P1 cortex unreachable
K2 has 133 blocks
Fetching K2 cortex state...
ERROR: P1 cortex unreachable
K2 has 131 blocks
ERROR: P1 cortex unreachable
Fetching K2 cortex state...
K2 has 121 blocks
ERROR: P1 cortex unreachable
Fetching K2 cortex state...
K2 has 131 blocks
Fetching K2 cortex state...
ERROR: P1 cortex unreachable
K2 has 105 blocks
Fetching K2 cortex state...
K2 has 84 blocks
ERROR: P1 cortex unreachable
ERROR: P1 cortex unreachable
Fetching K2 cortex state...
K2 has 89 blocks
Fetching K2 cortex state...
K2 has 106 blocks
ERROR: P1 cortex unreachable
Fetching K2 cortex state...
ERROR: P1 cortex unreachable
K2 has 133 blocks
Fetching K2 cortex state...
ERROR: P1 cortex unreachable
K2 has 133 blocks
ERROR: P1 cortex unreachable
Fetching K2 cortex state...
K2 has 132 blocks
Fetching K2 cortex state...
K2 has 131 blocks
ERROR: P1 cortex unreachable
Fetching K2 cortex state...
ERROR: P1 cortex unreachable
K2 has 133 blocks
Fetching K2 cortex state...
K2 has 134 blocks
ERROR: P1 cortex unreachable
Fetching K2 cortex state...
ERROR: P1 cortex unreachable
K2 has 132 blocks
ERROR: P1 cortex unreachable
Fetching K2 cortex state...
K2 has 132 blocks
ERROR: P1 cortex unreachable
Fetching K2 cortex state...
K2 has 128 blocks
Fetching K2 cortex state...
K2 has 128 blocks
ERROR: P1 cortex unreachable
ERROR: P1 cortex unreachable
Fetching K2 cortex state...
K2 has 132 blocks
Fetching K2 cortex state...
K2 has 130 blocks
ERROR: P1 cortex unreachable
Fetching K2 cortex state...
K2 has 129 blocks
ERROR: P1 cortex unreachable
Fetching K2 cortex state...
ERROR: P1 cortex unreachable
K2 has 128 blocks
Fetching K2 cortex state...
K2 has 132 blocks
ERROR: P1 cortex unreachable
Fetching K2 cortex state...
ERROR: P1 cortex unreachable
K2 has 127 blocks
ERROR: P1 cortex unreachable
Fetching K2 cortex state...
K2 has 132 blocks
Fetching K2 cortex state...
K2 has 133 blocks
ERROR: P1 cortex unreachable
Fetching K2 cortex state...
K2 has 133 blocks
ERROR: P1 cortex unreachable
Fetching K2 cortex state...
K2 has 131 blocks
ERROR: P1 cortex unreachable
Fetching K2 cortex state...
ERROR: P1 cortex unreachable
K2 has 124 blocks
Fetching K2 cortex state...
ERROR: P1 cortex unreachable
K2 has 122 blocks
Fetching K2 cortex state...
ERROR: P1 cortex unreachable
K2 has 132 blocks
Fetching K2 cortex state...
K2 has 131 blocks
ERROR: P1 cortex unreachable
Fetching K2 cortex state...
ERROR: P1 cortex unreachable
K2 has 133 blocks
Fetching K2 cortex state...
K2 has 131 blocks
ERROR: P1 cortex unreachable
Fetching K2 cortex state...
K2 has 131 blocks
ERROR: P1 cortex unreachable
Fetching K2 cortex state...
K2 has 130 blocks
ERROR: P1 cortex unreachable
ERROR: P1 cortex unreachable
Fetching K2 cortex state...
K2 has 130 blocks
Fetching K2 cortex state...
K2 has 131 blocks
ERROR: P1 cortex unreachable
ERROR: P1 cortex unreachable
Fetching K2 cortex state...
K2 has 132 blocks
Fetching K2 cortex state...
ERROR: P1 cortex unreachable
K2 has 138 blocks
Fetching K2 cortex state...
K2 has 133 blocks
ERROR: P1 cortex unreachable
ERROR: P1 cortex unreachable
Fetching K2 cortex state...
K2 has 129 blocks
Fetching K2 cortex state...
ERROR: P1 cortex unreachable
K2 has 131 blocks
Fetching K2 cortex state...
ERROR: P1 cortex unreachable
K2 has 132 blocks
Fetching K2 cortex state...
K2 has 127 blocks
ERROR: P1 cortex unreachable
Fetching K2 cortex state...
K2 has 128 blocks
ERROR: P1 cortex unreachable
Fetching K2 cortex state...
ERROR: P1 cortex unreachable
K2 has 130 blocks
ERROR: P1 cortex unreachable
Fetching K2 cortex state...
K2 has 129 blocks
ERROR: P1 cortex unreachable
Fetching K2 cortex state...
K2 has 133 blocks
Fetching K2 cortex state...
K2 has 132 blocks
ERROR: P1 cortex unreachable
ERROR: P1 cortex unreachable
Fetching K2 cortex state...
K2 has 133 blocks
Fetching K2 cortex state...
K2 has 131 blocks
ERROR: P1 cortex unreachable
ERROR: P1 cortex unreachable
Fetching K2 cortex state...
K2 has 125 blocks
Fetching K2 cortex state...
ERROR: P1 cortex unreachable
K2 has 120 blocks
Fetching K2 cortex state...
ERROR: P1 cortex unreachable
K2 has 132 blocks
Fetching K2 cortex state...
K2 has 132 blocks
ERROR: P1 cortex unreachable
ERROR: P1 cortex unreachable
Fetching K2 cortex state...
K2 has 131 blocks
Fetching K2 cortex state...
K2 has 131 blocks
ERROR: P1 cortex unreachable
Fetching K2 cortex state...
ERROR: SSH to K2 failed: ssh: connect to host 192.168.0.226 port 22: Connection timed out

Fetching K2 cortex state...
ERROR: SSH to K2 failed: Connection timed out during banner exchange
Connection to 192.168.0.226 port 22 timed out

ERROR: SSH to K2 failed: Connection timed out during banner exchange
Fetching K2 cortex state...
Connection to 192.168.0.226 port 22 timed out

Fetching K2 cortex state...
ERROR: SSH to K2 failed: Connection timed out during banner exchange
Connection to 192.168.0.226 port 22 timed out

ERROR: SSH to K2 failed: Connection timed out during banner exchange
Fetching K2 cortex state...
Connection to 192.168.0.226 port 22 timed out

Fetching K2 cortex state...
ERROR: SSH to K2 failed: Connection timed out during banner exchange
Connection to 192.168.0.226 port 22 timed out

Fetching K2 cortex state...
ERROR: SSH to K2 failed: Connection timed out during banner exchange
Connection to 192.168.0.226 port 22 timed out

Fetching K2 cortex state...
ERROR: SSH to K2 failed: Connection timed out during banner exchange
Connection to 192.168.0.226 port 22 timed out

Fetching K2 cortex state...
ERROR: SSH to K2 failed: Connection timed out during banner exchange
Connection to 192.168.0.226 port 22 timed out

Fetching K2 cortex state...
ERROR: SSH to K2 failed: Connection timed out during banner exchange
Connection to 192.168.0.226 port 22 timed out

Fetching K2 cortex state...
ERROR: SSH to K2 failed: Connection timed out during banner exchange
Connection to 192.168.0.226 port 22 timed out

Fetching K2 cortex state...
ERROR: SSH to K2 failed: Connection timed out during banner exchange
Connection to 192.168.0.226 port 22 timed out

Fetching K2 cortex state...
ERROR: SSH to K2 failed: Connection timed out during banner exchange
Connection to 192.168.0.226 port 22 timed out

ERROR: SSH to K2 failed: Connection timed out during banner exchange
Fetching K2 cortex state...
Connection to 192.168.0.226 port 22 timed out

Fetching K2 cortex state...
ERROR: SSH to K2 failed: Connection timed out during banner exchange
Connection to 192.168.0.226 port 22 timed out

ERROR: P1 cortex unreachable
Fetching K2 cortex state...
K2 has 129 blocks
Fetching K2 cortex state...
K2 has 102 blocks
ERROR: P1 cortex unreachable
Fetching K2 cortex state...
K2 has 103 blocks
ERROR: P1 cortex unreachable
Fetching K2 cortex state...
ERROR: P1 cortex unreachable
K2 has 126 blocks
Fetching K2 cortex state...
ERROR: P1 cortex unreachable
K2 has 137 blocks
ERROR: P1 cortex unreachable
Fetching K2 cortex state...
K2 has 102 blocks
Fetching K2 cortex state...
ERROR: P1 cortex unreachable
K2 has 118 blocks
Fetching K2 cortex state...
K2 has 87 blocks
ERROR: P1 cortex unreachable
Fetching K2 cortex state...
ERROR: P1 cortex unreachable
K2 has 140 blocks
Fetching K2 cortex state...
K2 has 101 blocks
P1 has 17 known labels
Missing from P1: 101 blocks
Synced 101/101 blocks to P1
Fetching K2 cortex state...
K2 has 110 blocks
P1 has 77 known labels
Missing from P1: 94 blocks
Synced 94/94 blocks to P1
Fetching K2 cortex state...
K2 has 106 blocks
P1 has 136 known labels
Missing from P1: 93 blocks
Synced 93/93 blocks to P1
Fetching K2 cortex state...
K2 has 94 blocks
P1 has 189 known labels
Missing from P1: 10 blocks
Synced 10/10 blocks to P1
Fetching K2 cortex state...
K2 has 82 blocks
P1 has 199 known labels
Missing from P1: 17 blocks
Synced 17/17 blocks to P1
Fetching K2 cortex state...
K2 has 79 blocks
P1 has 215 known labels
Missing from P1: 15 blocks
Synced 15/15 blocks to P1
Fetching K2 cortex state...
K2 has 73 blocks
P1 has 227 known labels
Missing from P1: 9 blocks
Synced 9/9 blocks to P1
Fetching K2 cortex state...
K2 has 73 blocks
P1 has 235 known labels
Missing from P1: 5 blocks
Synced 5/5 blocks to P1
Fetching K2 cortex state...
K2 has 74 blocks
P1 has 240 known labels
Missing from P1: 6 blocks
Synced 6/6 blocks to P1
Fetching K2 cortex state...
K2 has 78 blocks
P1 has 246 known labels
Missing from P1: 6 blocks
Synced 6/6 blocks to P1
Fetching K2 cortex state...
K2 has 98 blocks
P1 has 252 known labels
Missing from P1: 35 blocks
Synced 35/35 blocks to P1
Fetching K2 cortex state...
K2 has 94 blocks
P1 has 272 known labels
Missing from P1: 11 blocks
Synced 11/11 blocks to P1
Fetching K2 cortex state...
K2 has 79 blocks
P1 has 272 known labels
Missing from P1: 12 blocks
Synced 12/12 blocks to P1
Fetching K2 cortex state...
K2 has 77 blocks
P1 has 267 known labels
Missing from P1: 7 blocks
Synced 7/7 blocks to P1
Fetching K2 cortex state...
K2 has 70 blocks
P1 has 272 known labels
Missing from P1: 9 blocks
Synced 9/9 blocks to P1
Fetching K2 cortex state...
K2 has 56 blocks
P1 has 271 known labels
Missing from P1: 7 blocks
Synced 7/7 blocks to P1
Fetching K2 cortex state...
K2 has 59 blocks
P1 has 263 known labels
Missing from P1: 19 blocks
Synced 19/19 blocks to P1
Fetching K2 cortex state...
K2 has 59 blocks
P1 has 258 known labels
Missing from P1: 10 blocks
Synced 10/10 blocks to P1
Fetching K2 cortex state...
K2 has 58 blocks
P1 has 261 known labels
Missing from P1: 9 blocks
Synced 9/9 blocks to P1
Fetching K2 cortex state...
K2 has 63 blocks
P1 has 260 known labels
Missing from P1: 8 blocks
Synced 8/8 blocks to P1
Fetching K2 cortex state...
K2 has 58 blocks
ERROR: P1 cortex unreachable
ERROR: P1 cortex unreachable
Fetching K2 cortex state...
K2 has 63 blocks
Fetching K2 cortex state...
ERROR: P1 cortex unreachable
K2 has 56 blocks
ERROR: P1 cortex unreachable
Fetching K2 cortex state...
K2 has 44 blocks
ERROR: P1 cortex unreachable
Fetching K2 cortex state...
K2 has 86 blocks
Fetching K2 cortex state...
K2 has 106 blocks
ERROR: P1 cortex unreachable
Fetching K2 cortex state...
ERROR: P1 cortex unreachable
K2 has 65 blocks
Fetching K2 cortex state...
ERROR: P1 cortex unreachable
K2 has 62 blocks
Fetching K2 cortex state...
K2 has 67 blocks
ERROR: P1 cortex unreachable
Fetching K2 cortex state...
K2 has 68 blocks
ERROR: P1 cortex unreachable
Fetching K2 cortex state...
ERROR: P1 cortex unreachable
K2 has 71 blocks
Fetching K2 cortex state...
ERROR: P1 cortex unreachable
K2 has 64 blocks
Fetching K2 cortex state...
K2 has 70 blocks
ERROR: P1 cortex unreachable
Fetching K2 cortex state...
ERROR: P1 cortex unreachable
K2 has 72 blocks
Fetching K2 cortex state...
ERROR: P1 cortex unreachable
K2 has 77 blocks
Fetching K2 cortex state...
ERROR: P1 cortex unreachable
K2 has 82 blocks
Fetching K2 cortex state...
ERROR: P1 cortex unreachable
K2 has 87 blocks
Fetching K2 cortex state...
ERROR: P1 cortex unreachable
K2 has 89 blocks
Fetching K2 cortex state...
ERROR: P1 cortex unreachable
K2 has 91 blocks
Fetching K2 cortex state...
ERROR: P1 cortex unreachable
K2 has 96 blocks
ERROR: P1 cortex unreachable
Fetching K2 cortex state...
K2 has 99 blocks
Fetching K2 cortex state...
K2 has 95 blocks
ERROR: P1 cortex unreachable
